#
# There is insufficient memory for the Java Runtime Environment to continue.
# Native memory allocation (malloc) failed to allocate 1048576 bytes for AllocateHeap
# Possible reasons:
#   The system is out of physical RAM or swap space
#   The process is running with CompressedOops enabled, and the Java Heap may be blocking the growth of the native heap
# Possible solutions:
#   Reduce memory load on the system
#   Increase physical memory or swap space
#   Check if swap backing store is full
#   Decrease Java heap size (-Xmx/-Xms)
#   Decrease number of Java threads
#   Decrease Java thread stack sizes (-Xss)
#   Set larger code cache with -XX:ReservedCodeCacheSize=
#   JVM is running with Unscaled Compressed Oops mode in which the Java heap is
#     placed in the first 4GB address space. The Java Heap base address is the
#     maximum limit for the native heap growth. Please use -XX:HeapBaseMinAddress
#     to set the Java Heap base and to place the Java Heap above 4GB virtual address.
# This output file may be truncated or incomplete.
#
#  Out of Memory Error (allocation.cpp:44), pid=20452, tid=10248
#
# JRE version: OpenJDK Runtime Environment Temurin-17.0.6+10 (17.0.6+10) (build 17.0.6+10)
# Java VM: OpenJDK 64-Bit Server VM Temurin-17.0.6+10 (17.0.6+10, mixed mode, emulated-client, tiered, compressed oops, compressed class ptrs, g1 gc, windows-amd64)
# No core dump will be written. Minidumps are not enabled by default on client versions of Windows
#

---------------  S U M M A R Y ------------

Command Line: -XX:+HeapDumpOnOutOfMemoryError -Xmx1024m -Dsts.lsp.client=vscode -Dsts.log.file=/dev/null -XX:TieredStopAtLevel=1 -Xlog:jni+resolve=off -Dspring.config.location=file:c:\Users\User\.vscode\extensions\vmware.vscode-spring-boot-1.45.0\language-server\BOOT-INF\classes\application.properties org.springframework.ide.vscode.boot.app.BootLanguageServerBootApp

Host: Intel(R) Core(TM) i7-7500U CPU @ 2.70GHz, 4 cores, 15G,  Windows 10 , 64 bit Build 19041 (10.0.19041.1645)
Time: Sat Apr  1 20:26:43 2023 Georgian Standard Time elapsed time: 4658.546705 seconds (0d 1h 17m 38s)

---------------  T H R E A D  ---------------

Current thread (0x00000195f9323cb0):  VMThread "VM Thread" [stack: 0x0000001f70000000,0x0000001f70100000] [id=10248]

Stack: [0x0000001f70000000,0x0000001f70100000]
Native frames: (J=compiled Java code, j=interpreted, Vv=VM code, C=native code)
V  [jvm.dll+0x67741a]
V  [jvm.dll+0x834434]
V  [jvm.dll+0x835bde]
V  [jvm.dll+0x836243]
V  [jvm.dll+0x2457b5]
V  [jvm.dll+0xa626f]
V  [jvm.dll+0x2f5ad3]
V  [jvm.dll+0x2f17e0]
V  [jvm.dll+0x2d9ee7]
V  [jvm.dll+0x31ce67]
V  [jvm.dll+0x83a6eb]
V  [jvm.dll+0x83b424]
V  [jvm.dll+0x83b93c]
V  [jvm.dll+0x83bd14]
V  [jvm.dll+0x83bde0]
V  [jvm.dll+0x7e483a]
V  [jvm.dll+0x6762c5]
C  [ucrtbase.dll+0x21bb2]
C  [KERNEL32.DLL+0x17034]
C  [ntdll.dll+0x52651]

VM_Operation (0x0000001f713fef20): G1CollectFull, mode: safepoint, requested by thread 0x00000195fb1a1860


---------------  P R O C E S S  ---------------

Threads class SMR info:
_java_thread_list=0x00000195fd920d90, length=39, elements={
0x00000195f933a3b0, 0x00000195f933b030, 0x00000195f934e620, 0x00000195f9c2b3a0,
0x00000195f9c2cd60, 0x00000195f9c2d710, 0x00000195f9c2e170, 0x00000195f9c57220,
0x00000195f9e37590, 0x00000195f9e47d80, 0x00000195fb119040, 0x00000195fb119510,
0x00000195fb1a1860, 0x00000195fb2e6760, 0x00000195eed82c80, 0x00000195faff0020,
0x00000195fb379890, 0x00000195fb310ee0, 0x00000195fb551970, 0x00000195fb54e950,
0x00000195fb54ee20, 0x00000195fb550fd0, 0x00000195fb54d610, 0x00000195fb54dae0,
0x00000195fb54c2d0, 0x00000195fb54e480, 0x00000195fb550160, 0x00000195fb54aac0,
0x00000195fb5514a0, 0x00000195fb54b460, 0x00000195fb54c7a0, 0x00000195fb310a10,
0x00000195fb3113b0, 0x00000195fb311880, 0x00000195fb310540, 0x00000195fb8cc9d0,
0x00000195fb8c81a0, 0x00000195fb8cdd10, 0x00000195fb8cacf0
}

Java Threads: ( => current thread )
  0x00000195f933a3b0 JavaThread "Reference Handler" daemon [_thread_blocked, id=13456, stack(0x0000001f70100000,0x0000001f70200000)]
  0x00000195f933b030 JavaThread "Finalizer" daemon [_thread_blocked, id=10428, stack(0x0000001f70200000,0x0000001f70300000)]
  0x00000195f934e620 JavaThread "Signal Dispatcher" daemon [_thread_blocked, id=21896, stack(0x0000001f70300000,0x0000001f70400000)]
  0x00000195f9c2b3a0 JavaThread "Attach Listener" daemon [_thread_blocked, id=18692, stack(0x0000001f70400000,0x0000001f70500000)]
  0x00000195f9c2cd60 JavaThread "Service Thread" daemon [_thread_blocked, id=836, stack(0x0000001f70500000,0x0000001f70600000)]
  0x00000195f9c2d710 JavaThread "Monitor Deflation Thread" daemon [_thread_blocked, id=1956, stack(0x0000001f70600000,0x0000001f70700000)]
  0x00000195f9c2e170 JavaThread "C1 CompilerThread0" daemon [_thread_blocked, id=608, stack(0x0000001f70700000,0x0000001f70800000)]
  0x00000195f9c57220 JavaThread "Sweeper thread" daemon [_thread_blocked, id=9768, stack(0x0000001f70800000,0x0000001f70900000)]
  0x00000195f9e37590 JavaThread "Notification Thread" daemon [_thread_blocked, id=9340, stack(0x0000001f70b00000,0x0000001f70c00000)]
  0x00000195f9e47d80 JavaThread "Common-Cleaner" daemon [_thread_blocked, id=23480, stack(0x0000001f70d00000,0x0000001f70e00000)]
  0x00000195fb119040 JavaThread "boundedElastic-evictor-1" daemon [_thread_blocked, id=9620, stack(0x0000001f71100000,0x0000001f71200000)]
  0x00000195fb119510 JavaThread "boundedElastic-evictor-2" daemon [_thread_blocked, id=18016, stack(0x0000001f71200000,0x0000001f71300000)]
  0x00000195fb1a1860 JavaThread "pool-10-thread-1" [_thread_blocked, id=19352, stack(0x0000001f71300000,0x0000001f71400000)]
  0x00000195fb2e6760 JavaThread "LanguageServerApp-lifecycle" [_thread_blocked, id=11288, stack(0x0000001f71400000,0x0000001f71500000)]
  0x00000195eed82c80 JavaThread "DestroyJavaVM" [_thread_blocked, id=3096, stack(0x0000001f6f900000,0x0000001f6fa00000)]
  0x00000195faff0020 JavaThread "pool-11-thread-1" [_thread_in_native, id=16340, stack(0x0000001f71500000,0x0000001f71600000)]
  0x00000195fb379890 JavaThread "Simple-Language-Server main thread" daemon [_thread_blocked, id=15052, stack(0x0000001f71600000,0x0000001f71700000)]
  0x00000195fb310ee0 JavaThread "pool-6-thread-1" [_thread_blocked, id=2904, stack(0x0000001f71b00000,0x0000001f71c00000)]
  0x00000195fb551970 JavaThread "parallel-1" daemon [_thread_blocked, id=14364, stack(0x0000001f72500000,0x0000001f72600000)]
  0x00000195fb54e950 JavaThread "pool-4-thread-1" [_thread_blocked, id=15544, stack(0x0000001f72800000,0x0000001f72900000)]
  0x00000195fb54ee20 JavaThread "parallel-2" daemon [_thread_blocked, id=8044, stack(0x0000001f72900000,0x0000001f72a00000)]
  0x00000195fb550fd0 JavaThread "parallel-3" daemon [_thread_blocked, id=18136, stack(0x0000001f71d00000,0x0000001f71e00000)]
  0x00000195fb54d610 JavaThread "pool-7-thread-1" [_thread_blocked, id=13724, stack(0x0000001f6fa00000,0x0000001f6fb00000)]
  0x00000195fb54dae0 JavaThread "pool-7-thread-2" [_thread_blocked, id=14164, stack(0x0000001f70900000,0x0000001f70a00000)]
  0x00000195fb54c2d0 JavaThread "pool-7-thread-3" [_thread_blocked, id=13816, stack(0x0000001f70a00000,0x0000001f70b00000)]
  0x00000195fb54e480 JavaThread "pool-7-thread-4" [_thread_blocked, id=19300, stack(0x0000001f71700000,0x0000001f71800000)]
  0x00000195fb550160 JavaThread "pool-5-thread-1" [_thread_blocked, id=16536, stack(0x0000001f71a00000,0x0000001f71b00000)]
  0x00000195fb54aac0 JavaThread "RMI Scheduler(0)" daemon [_thread_blocked, id=7648, stack(0x0000001f72300000,0x0000001f72400000)]
  0x00000195fb5514a0 JavaThread "pool-5-thread-2" [_thread_blocked, id=11512, stack(0x0000001f72600000,0x0000001f72700000)]
  0x00000195fb54b460 JavaThread "pool-5-thread-3" [_thread_blocked, id=4800, stack(0x0000001f72b00000,0x0000001f72c00000)]
  0x00000195fb54c7a0 JavaThread "pool-5-thread-4" [_thread_blocked, id=16168, stack(0x0000001f72e00000,0x0000001f72f00000)]
  0x00000195fb310a10 JavaThread "pool-5-thread-5" [_thread_blocked, id=21468, stack(0x0000001f73000000,0x0000001f73100000)]
  0x00000195fb3113b0 JavaThread "pool-5-thread-6" [_thread_blocked, id=16412, stack(0x0000001f73100000,0x0000001f73200000)]
  0x00000195fb311880 JavaThread "pool-5-thread-7" [_thread_blocked, id=23168, stack(0x0000001f73200000,0x0000001f73300000)]
  0x00000195fb310540 JavaThread "pool-5-thread-8" [_thread_blocked, id=10688, stack(0x0000001f73300000,0x0000001f73400000)]
  0x00000195fb8cc9d0 JavaThread "pool-5-thread-9" [_thread_blocked, id=11316, stack(0x0000001f71800000,0x0000001f71900000)]
  0x00000195fb8c81a0 JavaThread "pool-5-thread-10" [_thread_blocked, id=16920, stack(0x0000001f71900000,0x0000001f71a00000)]
  0x00000195fb8cdd10 JavaThread "pool-7-thread-5" [_thread_blocked, id=17464, stack(0x0000001f72400000,0x0000001f72500000)]
  0x00000195fb8cacf0 JavaThread "pool-7-thread-6" [_thread_blocked, id=22096, stack(0x0000001f73400000,0x0000001f73500000)]

Other Threads:
=>0x00000195f9323cb0 VMThread "VM Thread" [stack: 0x0000001f70000000,0x0000001f70100000] [id=10248]
  0x00000195f9e39e70 WatcherThread [stack: 0x0000001f70c00000,0x0000001f70d00000] [id=13336]
  0x00000195eedc1440 GCTaskThread "GC Thread#0" [stack: 0x0000001f6fb00000,0x0000001f6fc00000] [id=13748]
  0x00000195f9cfcff0 GCTaskThread "GC Thread#1" [stack: 0x0000001f70e00000,0x0000001f70f00000] [id=5128]
  0x00000195f9cfd670 GCTaskThread "GC Thread#2" [stack: 0x0000001f70f00000,0x0000001f71000000] [id=18164]
  0x00000195f9cfd920 GCTaskThread "GC Thread#3" [stack: 0x0000001f71000000,0x0000001f71100000] [id=9500]
  0x00000195eedca380 ConcurrentGCThread "G1 Main Marker" [stack: 0x0000001f6fc00000,0x0000001f6fd00000] [id=7480]
  0x00000195eedcad90 ConcurrentGCThread "G1 Conc#0" [stack: 0x0000001f6fd00000,0x0000001f6fe00000] [id=4352]
  0x00000195eee4e2a0 ConcurrentGCThread "G1 Refine#0" [stack: 0x0000001f6fe00000,0x0000001f6ff00000] [id=16224]
  0x00000195fade7f30 ConcurrentGCThread "G1 Refine#1" [stack: 0x0000001f72700000,0x0000001f72800000] [id=20064]
  0x00000195fade6550 ConcurrentGCThread "G1 Refine#2" [stack: 0x0000001f72a00000,0x0000001f72b00000] [id=17664]
  0x00000195fd9a8c60 ConcurrentGCThread "G1 Refine#3" [stack: 0x0000001f72f00000,0x0000001f73000000] [id=18668]
  0x00000195eee4ecc0 ConcurrentGCThread "G1 Service" [stack: 0x0000001f6ff00000,0x0000001f70000000] [id=7216]

Threads with active compile tasks:

VM state: at safepoint (normal execution)

VM Mutex/Monitor currently owned by a thread:  ([mutex/lock_event])
[0x00000195ecbebac0] Threads_lock - owner thread: 0x00000195f9323cb0
[0x00000195eccac040] Heap_lock - owner thread: 0x00000195fb1a1860

Heap address: 0x00000000c0000000, size: 1024 MB, Compressed Oops mode: 32-bit

CDS archive(s) not mapped
Compressed class space mapped at: 0x0000000100000000-0x0000000140000000, reserved size: 1073741824
Narrow klass base: 0x0000000000000000, Narrow klass shift: 3, Narrow klass range: 0x140000000

GC Precious Log:
 CPUs: 4 total, 4 available
 Memory: 16265M
 Large Page Support: Disabled
 NUMA Support: Disabled
 Compressed Oops: Enabled (32-bit)
 Heap Region Size: 1M
 Heap Min Capacity: 8M
 Heap Initial Capacity: 256M
 Heap Max Capacity: 1G
 Pre-touch: Disabled
 Parallel Workers: 4
 Concurrent Workers: 1
 Concurrent Refinement Workers: 4
 Periodic GC: Disabled

Heap:
 garbage-first heap   total 133120K, used 38863K [0x00000000c0000000, 0x0000000100000000)
  region size 1024K, 1 young (1024K), 0 survivors (0K)
 Metaspace       used 71195K, committed 72256K, reserved 1114112K
  class space    used 9740K, committed 10176K, reserved 1048576K

Heap Regions: E=young(eden), S=young(survivor), O=old, HS=humongous(starts), HC=humongous(continues), CS=collection set, F=free, OA=open archive, CA=closed archive, TAMS=top-at-mark-start (previous, next)
|   0|0x00000000c0000000, 0x00000000c0100000, 0x00000000c0100000|100%| O|  |TAMS 0x00000000c0100000, 0x00000000c0000000| Untracked 
|   1|0x00000000c0100000, 0x00000000c01ffff8, 0x00000000c0200000| 99%| O|  |TAMS 0x00000000c01ffff8, 0x00000000c0100000| Untracked 
|   2|0x00000000c0200000, 0x00000000c0300000, 0x00000000c0300000|100%| O|  |TAMS 0x00000000c0300000, 0x00000000c0200000| Untracked 
|   3|0x00000000c0300000, 0x00000000c0400000, 0x00000000c0400000|100%| O|  |TAMS 0x00000000c0400000, 0x00000000c0300000| Untracked 
|   4|0x00000000c0400000, 0x00000000c04ffff0, 0x00000000c0500000| 99%| O|  |TAMS 0x00000000c04ffff0, 0x00000000c0400000| Untracked 
|   5|0x00000000c0500000, 0x00000000c0600000, 0x00000000c0600000|100%| O|  |TAMS 0x00000000c0600000, 0x00000000c0500000| Untracked 
|   6|0x00000000c0600000, 0x00000000c06ffff8, 0x00000000c0700000| 99%| O|  |TAMS 0x00000000c06ffff8, 0x00000000c0600000| Untracked 
|   7|0x00000000c0700000, 0x00000000c07fff80, 0x00000000c0800000| 99%| O|  |TAMS 0x00000000c07fff80, 0x00000000c0700000| Untracked 
|   8|0x00000000c0800000, 0x00000000c0900000, 0x00000000c0900000|100%| O|  |TAMS 0x00000000c0900000, 0x00000000c0800000| Untracked 
|   9|0x00000000c0900000, 0x00000000c09ffff0, 0x00000000c0a00000| 99%| O|  |TAMS 0x00000000c09ffff0, 0x00000000c0900000| Untracked 
|  10|0x00000000c0a00000, 0x00000000c0affff0, 0x00000000c0b00000| 99%| O|  |TAMS 0x00000000c0affff0, 0x00000000c0a00000| Untracked 
|  11|0x00000000c0b00000, 0x00000000c0bffff0, 0x00000000c0c00000| 99%| O|  |TAMS 0x00000000c0bffff0, 0x00000000c0b00000| Untracked 
|  12|0x00000000c0c00000, 0x00000000c0cfffe8, 0x00000000c0d00000| 99%| O|  |TAMS 0x00000000c0cfffe8, 0x00000000c0c00000| Untracked 
|  13|0x00000000c0d00000, 0x00000000c0dffff8, 0x00000000c0e00000| 99%| O|  |TAMS 0x00000000c0dffff8, 0x00000000c0d00000| Untracked 
|  14|0x00000000c0e00000, 0x00000000c0effff8, 0x00000000c0f00000| 99%| O|  |TAMS 0x00000000c0effff8, 0x00000000c0e00000| Untracked 
|  15|0x00000000c0f00000, 0x00000000c1000000, 0x00000000c1000000|100%| O|  |TAMS 0x00000000c1000000, 0x00000000c0f00000| Untracked 
|  16|0x00000000c1000000, 0x00000000c10ffff8, 0x00000000c1100000| 99%| O|  |TAMS 0x00000000c10ffff8, 0x00000000c1000000| Untracked 
|  17|0x00000000c1100000, 0x00000000c11fd0d8, 0x00000000c1200000| 98%| O|  |TAMS 0x00000000c11fd0d8, 0x00000000c1100000| Untracked 
|  18|0x00000000c1200000, 0x00000000c12ffff0, 0x00000000c1300000| 99%| O|  |TAMS 0x00000000c12ffff0, 0x00000000c1200000| Untracked 
|  19|0x00000000c1300000, 0x00000000c1400000, 0x00000000c1400000|100%| O|  |TAMS 0x00000000c1400000, 0x00000000c1300000| Untracked 
|  20|0x00000000c1400000, 0x00000000c14fff18, 0x00000000c1500000| 99%| O|  |TAMS 0x00000000c14fff18, 0x00000000c1400000| Untracked 
|  21|0x00000000c1500000, 0x00000000c15ffff8, 0x00000000c1600000| 99%| O|  |TAMS 0x00000000c15ffff8, 0x00000000c1500000| Untracked 
|  22|0x00000000c1600000, 0x00000000c16e1e10, 0x00000000c1700000| 88%| O|  |TAMS 0x00000000c1600000, 0x00000000c1600000| Untracked 
|  23|0x00000000c1700000, 0x00000000c1800000, 0x00000000c1800000|100%| O|  |TAMS 0x00000000c1800000, 0x00000000c1700000| Untracked 
|  24|0x00000000c1800000, 0x00000000c18ffff8, 0x00000000c1900000| 99%| O|  |TAMS 0x00000000c18ffff8, 0x00000000c1800000| Untracked 
|  25|0x00000000c1900000, 0x00000000c19ffe68, 0x00000000c1a00000| 99%| O|  |TAMS 0x00000000c19ffe68, 0x00000000c1900000| Untracked 
|  26|0x00000000c1a00000, 0x00000000c1affdc8, 0x00000000c1b00000| 99%| O|  |TAMS 0x00000000c1affdc8, 0x00000000c1a00000| Untracked 
|  27|0x00000000c1b00000, 0x00000000c1bfffc0, 0x00000000c1c00000| 99%| O|  |TAMS 0x00000000c1bfffc0, 0x00000000c1b00000| Untracked 
|  28|0x00000000c1c00000, 0x00000000c1d00000, 0x00000000c1d00000|100%| O|  |TAMS 0x00000000c1d00000, 0x00000000c1c00000| Untracked 
|  29|0x00000000c1d00000, 0x00000000c1dffff8, 0x00000000c1e00000| 99%| O|  |TAMS 0x00000000c1dffff8, 0x00000000c1d00000| Untracked 
|  30|0x00000000c1e00000, 0x00000000c1e155e0, 0x00000000c1f00000|  8%| O|  |TAMS 0x00000000c1e00000, 0x00000000c1e00000| Untracked 
|  31|0x00000000c1f00000, 0x00000000c2000000, 0x00000000c2000000|100%| O|  |TAMS 0x00000000c2000000, 0x00000000c1f00000| Untracked 
|  32|0x00000000c2000000, 0x00000000c20fffe8, 0x00000000c2100000| 99%| O|  |TAMS 0x00000000c20fffe8, 0x00000000c2000000| Untracked 
|  33|0x00000000c2100000, 0x00000000c2200000, 0x00000000c2200000|100%|HS|  |TAMS 0x00000000c2200000, 0x00000000c2100000| Untracked 
|  34|0x00000000c2200000, 0x00000000c2200000, 0x00000000c2300000|  0%| F|  |TAMS 0x00000000c2200000, 0x00000000c2200000| Untracked 
|  35|0x00000000c2300000, 0x00000000c2300000, 0x00000000c2400000|  0%| F|  |TAMS 0x00000000c2300000, 0x00000000c2300000| Untracked 
|  36|0x00000000c2400000, 0x00000000c24fffe8, 0x00000000c2500000| 99%| O|  |TAMS 0x00000000c24fffe8, 0x00000000c2400000| Untracked 
|  37|0x00000000c2500000, 0x00000000c2500000, 0x00000000c2600000|  0%| F|  |TAMS 0x00000000c2500000, 0x00000000c2500000| Untracked 
|  38|0x00000000c2600000, 0x00000000c26ffff0, 0x00000000c2700000| 99%| O|  |TAMS 0x00000000c26ffff0, 0x00000000c2600000| Untracked 
|  39|0x00000000c2700000, 0x00000000c2700000, 0x00000000c2800000|  0%| F|  |TAMS 0x00000000c2700000, 0x00000000c2700000| Untracked 
|  40|0x00000000c2800000, 0x00000000c2800000, 0x00000000c2900000|  0%| F|  |TAMS 0x00000000c2800000, 0x00000000c2800000| Untracked 
|  41|0x00000000c2900000, 0x00000000c2900000, 0x00000000c2a00000|  0%| F|  |TAMS 0x00000000c2900000, 0x00000000c2900000| Untracked 
|  42|0x00000000c2a00000, 0x00000000c2a00000, 0x00000000c2b00000|  0%| F|  |TAMS 0x00000000c2a00000, 0x00000000c2a00000| Untracked 
|  43|0x00000000c2b00000, 0x00000000c2b00000, 0x00000000c2c00000|  0%| F|  |TAMS 0x00000000c2b00000, 0x00000000c2b00000| Untracked 
|  44|0x00000000c2c00000, 0x00000000c2c00000, 0x00000000c2d00000|  0%| F|  |TAMS 0x00000000c2c00000, 0x00000000c2c00000| Untracked 
|  45|0x00000000c2d00000, 0x00000000c2d00000, 0x00000000c2e00000|  0%| F|  |TAMS 0x00000000c2d00000, 0x00000000c2d00000| Untracked 
|  46|0x00000000c2e00000, 0x00000000c2e00000, 0x00000000c2f00000|  0%| F|  |TAMS 0x00000000c2e00000, 0x00000000c2e00000| Untracked 
|  47|0x00000000c2f00000, 0x00000000c2f00000, 0x00000000c3000000|  0%| F|  |TAMS 0x00000000c2f00000, 0x00000000c2f00000| Untracked 
|  48|0x00000000c3000000, 0x00000000c3000000, 0x00000000c3100000|  0%| F|  |TAMS 0x00000000c3000000, 0x00000000c3000000| Untracked 
|  49|0x00000000c3100000, 0x00000000c3100000, 0x00000000c3200000|  0%| F|  |TAMS 0x00000000c3100000, 0x00000000c3100000| Untracked 
|  50|0x00000000c3200000, 0x00000000c3200000, 0x00000000c3300000|  0%| F|  |TAMS 0x00000000c3200000, 0x00000000c3200000| Untracked 
|  51|0x00000000c3300000, 0x00000000c3300000, 0x00000000c3400000|  0%| F|  |TAMS 0x00000000c3300000, 0x00000000c3300000| Untracked 
|  52|0x00000000c3400000, 0x00000000c3400000, 0x00000000c3500000|  0%| F|  |TAMS 0x00000000c3400000, 0x00000000c3400000| Untracked 
|  53|0x00000000c3500000, 0x00000000c3500000, 0x00000000c3600000|  0%| F|  |TAMS 0x00000000c3500000, 0x00000000c3500000| Untracked 
|  54|0x00000000c3600000, 0x00000000c3600000, 0x00000000c3700000|  0%| F|  |TAMS 0x00000000c3600000, 0x00000000c3600000| Untracked 
|  55|0x00000000c3700000, 0x00000000c3700000, 0x00000000c3800000|  0%| F|  |TAMS 0x00000000c3700000, 0x00000000c3700000| Untracked 
|  56|0x00000000c3800000, 0x00000000c3900000, 0x00000000c3900000|100%| O|  |TAMS 0x00000000c3900000, 0x00000000c3800000| Untracked 
|  57|0x00000000c3900000, 0x00000000c3a00000, 0x00000000c3a00000|100%| O|  |TAMS 0x00000000c3a00000, 0x00000000c3900000| Untracked 
|  58|0x00000000c3a00000, 0x00000000c3b00000, 0x00000000c3b00000|100%| O|  |TAMS 0x00000000c3b00000, 0x00000000c3a00000| Untracked 
|  59|0x00000000c3b00000, 0x00000000c3b00000, 0x00000000c3c00000|  0%| F|  |TAMS 0x00000000c3b00000, 0x00000000c3b00000| Untracked 
|  60|0x00000000c3c00000, 0x00000000c3c00000, 0x00000000c3d00000|  0%| F|  |TAMS 0x00000000c3c00000, 0x00000000c3c00000| Untracked 
|  61|0x00000000c3d00000, 0x00000000c3d00000, 0x00000000c3e00000|  0%| F|  |TAMS 0x00000000c3d00000, 0x00000000c3d00000| Untracked 
|  62|0x00000000c3e00000, 0x00000000c3e00000, 0x00000000c3f00000|  0%| F|  |TAMS 0x00000000c3e00000, 0x00000000c3e00000| Untracked 
|  63|0x00000000c3f00000, 0x00000000c3f00000, 0x00000000c4000000|  0%| F|  |TAMS 0x00000000c3f00000, 0x00000000c3f00000| Untracked 
|  64|0x00000000c4000000, 0x00000000c4000000, 0x00000000c4100000|  0%| F|  |TAMS 0x00000000c4000000, 0x00000000c4000000| Untracked 
|  65|0x00000000c4100000, 0x00000000c4100000, 0x00000000c4200000|  0%| F|  |TAMS 0x00000000c4100000, 0x00000000c4100000| Untracked 
|  66|0x00000000c4200000, 0x00000000c4200000, 0x00000000c4300000|  0%| F|  |TAMS 0x00000000c4200000, 0x00000000c4200000| Untracked 
|  67|0x00000000c4300000, 0x00000000c4300000, 0x00000000c4400000|  0%| F|  |TAMS 0x00000000c4300000, 0x00000000c4300000| Untracked 
|  68|0x00000000c4400000, 0x00000000c4400000, 0x00000000c4500000|  0%| F|  |TAMS 0x00000000c4400000, 0x00000000c4400000| Untracked 
|  69|0x00000000c4500000, 0x00000000c4500000, 0x00000000c4600000|  0%| F|  |TAMS 0x00000000c4500000, 0x00000000c4500000| Untracked 
|  70|0x00000000c4600000, 0x00000000c4600000, 0x00000000c4700000|  0%| F|  |TAMS 0x00000000c4600000, 0x00000000c4600000| Untracked 
|  71|0x00000000c4700000, 0x00000000c4700000, 0x00000000c4800000|  0%| F|  |TAMS 0x00000000c4700000, 0x00000000c4700000| Untracked 
|  72|0x00000000c4800000, 0x00000000c4800000, 0x00000000c4900000|  0%| F|  |TAMS 0x00000000c4800000, 0x00000000c4800000| Untracked 
|  73|0x00000000c4900000, 0x00000000c4900000, 0x00000000c4a00000|  0%| F|  |TAMS 0x00000000c4900000, 0x00000000c4900000| Untracked 
|  74|0x00000000c4a00000, 0x00000000c4a00000, 0x00000000c4b00000|  0%| F|  |TAMS 0x00000000c4a00000, 0x00000000c4a00000| Untracked 
|  75|0x00000000c4b00000, 0x00000000c4b00000, 0x00000000c4c00000|  0%| F|  |TAMS 0x00000000c4b00000, 0x00000000c4b00000| Untracked 
|  76|0x00000000c4c00000, 0x00000000c4c00000, 0x00000000c4d00000|  0%| F|  |TAMS 0x00000000c4c00000, 0x00000000c4c00000| Untracked 
|  77|0x00000000c4d00000, 0x00000000c4d00000, 0x00000000c4e00000|  0%| F|  |TAMS 0x00000000c4d00000, 0x00000000c4d00000| Untracked 
|  78|0x00000000c4e00000, 0x00000000c4e00000, 0x00000000c4f00000|  0%| F|  |TAMS 0x00000000c4e00000, 0x00000000c4e00000| Untracked 
|  79|0x00000000c4f00000, 0x00000000c4f00000, 0x00000000c5000000|  0%| F|  |TAMS 0x00000000c4f00000, 0x00000000c4f00000| Untracked 
|  80|0x00000000c5000000, 0x00000000c5000000, 0x00000000c5100000|  0%| F|  |TAMS 0x00000000c5000000, 0x00000000c5000000| Untracked 
|  81|0x00000000c5100000, 0x00000000c5100000, 0x00000000c5200000|  0%| F|  |TAMS 0x00000000c5100000, 0x00000000c5100000| Untracked 
|  82|0x00000000c5200000, 0x00000000c5200000, 0x00000000c5300000|  0%| F|  |TAMS 0x00000000c5200000, 0x00000000c5200000| Untracked 
|  83|0x00000000c5300000, 0x00000000c5300000, 0x00000000c5400000|  0%| F|  |TAMS 0x00000000c5300000, 0x00000000c5300000| Untracked 
|  84|0x00000000c5400000, 0x00000000c5400000, 0x00000000c5500000|  0%| F|  |TAMS 0x00000000c5400000, 0x00000000c5400000| Untracked 
|  85|0x00000000c5500000, 0x00000000c5500000, 0x00000000c5600000|  0%| F|  |TAMS 0x00000000c5500000, 0x00000000c5500000| Untracked 
|  86|0x00000000c5600000, 0x00000000c5600000, 0x00000000c5700000|  0%| F|  |TAMS 0x00000000c5600000, 0x00000000c5600000| Untracked 
|  87|0x00000000c5700000, 0x00000000c5700000, 0x00000000c5800000|  0%| F|  |TAMS 0x00000000c5700000, 0x00000000c5700000| Untracked 
|  88|0x00000000c5800000, 0x00000000c5800000, 0x00000000c5900000|  0%| F|  |TAMS 0x00000000c5800000, 0x00000000c5800000| Untracked 
|  89|0x00000000c5900000, 0x00000000c5900000, 0x00000000c5a00000|  0%| F|  |TAMS 0x00000000c5900000, 0x00000000c5900000| Untracked 
|  90|0x00000000c5a00000, 0x00000000c5a00000, 0x00000000c5b00000|  0%| F|  |TAMS 0x00000000c5a00000, 0x00000000c5a00000| Untracked 
|  91|0x00000000c5b00000, 0x00000000c5b00000, 0x00000000c5c00000|  0%| F|  |TAMS 0x00000000c5b00000, 0x00000000c5b00000| Untracked 
|  92|0x00000000c5c00000, 0x00000000c5c00000, 0x00000000c5d00000|  0%| F|  |TAMS 0x00000000c5c00000, 0x00000000c5c00000| Untracked 
|  93|0x00000000c5d00000, 0x00000000c5d00000, 0x00000000c5e00000|  0%| F|  |TAMS 0x00000000c5d00000, 0x00000000c5d00000| Untracked 
|  94|0x00000000c5e00000, 0x00000000c5e00000, 0x00000000c5f00000|  0%| F|  |TAMS 0x00000000c5e00000, 0x00000000c5e00000| Untracked 
|  95|0x00000000c5f00000, 0x00000000c5f00000, 0x00000000c6000000|  0%| F|  |TAMS 0x00000000c5f00000, 0x00000000c5f00000| Untracked 
|  96|0x00000000c6000000, 0x00000000c6000000, 0x00000000c6100000|  0%| F|  |TAMS 0x00000000c6000000, 0x00000000c6000000| Untracked 
|  97|0x00000000c6100000, 0x00000000c6100000, 0x00000000c6200000|  0%| F|  |TAMS 0x00000000c6100000, 0x00000000c6100000| Untracked 
|  98|0x00000000c6200000, 0x00000000c6200000, 0x00000000c6300000|  0%| F|  |TAMS 0x00000000c6200000, 0x00000000c6200000| Untracked 
|  99|0x00000000c6300000, 0x00000000c6300000, 0x00000000c6400000|  0%| F|  |TAMS 0x00000000c6300000, 0x00000000c6300000| Untracked 
| 100|0x00000000c6400000, 0x00000000c6400000, 0x00000000c6500000|  0%| F|  |TAMS 0x00000000c6400000, 0x00000000c6400000| Untracked 
| 101|0x00000000c6500000, 0x00000000c6500000, 0x00000000c6600000|  0%| F|  |TAMS 0x00000000c6500000, 0x00000000c6500000| Untracked 
| 102|0x00000000c6600000, 0x00000000c6600000, 0x00000000c6700000|  0%| F|  |TAMS 0x00000000c6600000, 0x00000000c6600000| Untracked 
| 103|0x00000000c6700000, 0x00000000c6700000, 0x00000000c6800000|  0%| F|  |TAMS 0x00000000c6700000, 0x00000000c6700000| Untracked 
| 104|0x00000000c6800000, 0x00000000c6800000, 0x00000000c6900000|  0%| F|  |TAMS 0x00000000c6800000, 0x00000000c6800000| Untracked 
| 105|0x00000000c6900000, 0x00000000c6900000, 0x00000000c6a00000|  0%| F|  |TAMS 0x00000000c6900000, 0x00000000c6900000| Untracked 
| 106|0x00000000c6a00000, 0x00000000c6a00000, 0x00000000c6b00000|  0%| F|  |TAMS 0x00000000c6a00000, 0x00000000c6a00000| Untracked 
| 107|0x00000000c6b00000, 0x00000000c6b00000, 0x00000000c6c00000|  0%| F|  |TAMS 0x00000000c6b00000, 0x00000000c6b00000| Untracked 
| 108|0x00000000c6c00000, 0x00000000c6c00000, 0x00000000c6d00000|  0%| F|  |TAMS 0x00000000c6c00000, 0x00000000c6c00000| Untracked 
| 109|0x00000000c6d00000, 0x00000000c6d00000, 0x00000000c6e00000|  0%| F|  |TAMS 0x00000000c6d00000, 0x00000000c6d00000| Untracked 
| 110|0x00000000c6e00000, 0x00000000c6e00000, 0x00000000c6f00000|  0%| F|  |TAMS 0x00000000c6e00000, 0x00000000c6e00000| Untracked 
| 111|0x00000000c6f00000, 0x00000000c6f00000, 0x00000000c7000000|  0%| F|  |TAMS 0x00000000c6f00000, 0x00000000c6f00000| Untracked 
| 112|0x00000000c7000000, 0x00000000c7000000, 0x00000000c7100000|  0%| F|  |TAMS 0x00000000c7000000, 0x00000000c7000000| Untracked 
| 113|0x00000000c7100000, 0x00000000c7100000, 0x00000000c7200000|  0%| F|  |TAMS 0x00000000c7100000, 0x00000000c7100000| Untracked 
| 114|0x00000000c7200000, 0x00000000c7200000, 0x00000000c7300000|  0%| F|  |TAMS 0x00000000c7200000, 0x00000000c7200000| Untracked 
| 115|0x00000000c7300000, 0x00000000c7300000, 0x00000000c7400000|  0%| F|  |TAMS 0x00000000c7300000, 0x00000000c7300000| Untracked 
| 116|0x00000000c7400000, 0x00000000c7400000, 0x00000000c7500000|  0%| F|  |TAMS 0x00000000c7400000, 0x00000000c7400000| Untracked 
| 117|0x00000000c7500000, 0x00000000c7500000, 0x00000000c7600000|  0%| F|  |TAMS 0x00000000c7500000, 0x00000000c7500000| Untracked 
| 118|0x00000000c7600000, 0x00000000c7600000, 0x00000000c7700000|  0%| F|  |TAMS 0x00000000c7600000, 0x00000000c7600000| Untracked 
| 119|0x00000000c7700000, 0x00000000c7700000, 0x00000000c7800000|  0%| F|  |TAMS 0x00000000c7700000, 0x00000000c7700000| Untracked 
| 120|0x00000000c7800000, 0x00000000c7800000, 0x00000000c7900000|  0%| F|  |TAMS 0x00000000c7800000, 0x00000000c7800000| Untracked 
| 121|0x00000000c7900000, 0x00000000c7900000, 0x00000000c7a00000|  0%| F|  |TAMS 0x00000000c7900000, 0x00000000c7900000| Untracked 
| 122|0x00000000c7a00000, 0x00000000c7a00000, 0x00000000c7b00000|  0%| F|  |TAMS 0x00000000c7a00000, 0x00000000c7a00000| Untracked 
| 123|0x00000000c7b00000, 0x00000000c7b00000, 0x00000000c7c00000|  0%| F|  |TAMS 0x00000000c7b00000, 0x00000000c7b00000| Untracked 
| 124|0x00000000c7c00000, 0x00000000c7c00000, 0x00000000c7d00000|  0%| F|  |TAMS 0x00000000c7c00000, 0x00000000c7c00000| Untracked 
| 125|0x00000000c7d00000, 0x00000000c7d00000, 0x00000000c7e00000|  0%| F|  |TAMS 0x00000000c7d00000, 0x00000000c7d00000| Untracked 
| 126|0x00000000c7e00000, 0x00000000c7e00000, 0x00000000c7f00000|  0%| F|  |TAMS 0x00000000c7e00000, 0x00000000c7e00000| Untracked 
| 127|0x00000000c7f00000, 0x00000000c7f00000, 0x00000000c8000000|  0%| F|  |TAMS 0x00000000c7f00000, 0x00000000c7f00000| Untracked 
| 128|0x00000000c8000000, 0x00000000c8000000, 0x00000000c8100000|  0%| F|  |TAMS 0x00000000c8000000, 0x00000000c8000000| Untracked 
| 129|0x00000000c8100000, 0x00000000c812b028, 0x00000000c8200000| 16%| E|  |TAMS 0x00000000c8100000, 0x00000000c8100000| Complete 

Card table byte_map: [0x00000195f4a10000,0x00000195f4c10000] _byte_map_base: 0x00000195f4410000

Marking Bits (Prev, Next): (CMBitMap*) 0x00000195eedc1a50, (CMBitMap*) 0x00000195eedc1a90
 Prev Bits: [0x00000195f4e10000, 0x00000195f5e10000)
 Next Bits: [0x00000195f5e10000, 0x00000195f6e10000)

Polling page: 0x00000195ecb80000

Metaspace:

Usage:
  Non-class:     60.01 MB used.
      Class:      9.51 MB used.
       Both:     69.53 MB used.

Virtual space:
  Non-class space:       64.00 MB reserved,      60.62 MB ( 95%) committed,  8 nodes.
      Class space:        1.00 GB reserved,       9.94 MB ( <1%) committed,  1 nodes.
             Both:        1.06 GB reserved,      70.56 MB (  6%) committed. 

Chunk freelists:
   Non-Class:  3.00 MB
       Class:  2.21 MB
        Both:  5.21 MB

MaxMetaspaceSize: unlimited
CompressedClassSpaceSize: 1.00 GB
Initial GC threshold: 21.00 MB
Current GC threshold: 117.62 MB
CDS: off
MetaspaceReclaimPolicy: balanced
 - commit_granule_bytes: 65536.
 - commit_granule_words: 8192.
 - virtual_space_node_default_size: 1048576.
 - enlarge_chunks_in_place: 1.
 - new_chunks_are_fully_committed: 0.
 - uncommit_free_chunks: 1.
 - use_allocation_guard: 0.
 - handle_deallocations: 1.


Internal statistics:

num_allocs_failed_limit: 11.
num_arena_births: 862.
num_arena_deaths: 324.
num_vsnodes_births: 9.
num_vsnodes_deaths: 0.
num_space_committed: 1129.
num_space_uncommitted: 0.
num_chunks_returned_to_freelist: 430.
num_chunks_taken_from_freelist: 3217.
num_chunk_merges: 164.
num_chunk_splits: 2236.
num_chunks_enlarged: 1639.
num_purges: 8.
num_inconsistent_stats: 0.

CodeCache: size=49152Kb used=19172Kb max_used=19868Kb free=29979Kb
 bounds [0x00000195f1a10000, 0x00000195f2d80000, 0x00000195f4a10000]
 total_blobs=11435 nmethods=10754 adapters=608
 compilation: enabled
              stopped_count=0, restarted_count=0
 full_count=0

Compilation events (20 events):
Event: 4238.962 Thread 0x00000195f9c2e170 10927       1       org.springframework.ide.vscode.commons.languageserver.util.ParentProcessWatcher::isWindows (30 bytes)
Event: 4238.964 Thread 0x00000195f9c2e170 nmethod 10927 0x00000195f2c94b90 code [0x00000195f2c94dc0, 0x00000195f2c95148]
Event: 4239.356 Thread 0x00000195f9c2e170 10928   !   1       com.google.common.io.Closeables::close (37 bytes)
Event: 4239.410 Thread 0x00000195f9c2e170 nmethod 10928 0x00000195f2c94410 code [0x00000195f2c94600, 0x00000195f2c949a8]
Event: 4270.372 Thread 0x00000195f9c2e170 10929       1       java.io.BufferedInputStream::<init> (32 bytes)
Event: 4270.373 Thread 0x00000195f9c2e170 nmethod 10929 0x00000195f2c93e90 code [0x00000195f2c94040, 0x00000195f2c94308]
Event: 4312.148 Thread 0x00000195f9c2e170 10930       1       java.io.BufferedInputStream::<init> (9 bytes)
Event: 4312.149 Thread 0x00000195f9c2e170 nmethod 10930 0x00000195f2c93910 code [0x00000195f2c93ac0, 0x00000195f2c93da8]
Event: 4354.343 Thread 0x00000195f9c2e170 10931   !   1       java.lang.ref.Reference::processPendingReferences (118 bytes)
Event: 4354.344 Thread 0x00000195f9c2e170 nmethod 10931 0x00000195f2c92d10 code [0x00000195f2c92f60, 0x00000195f2c935b8]
Event: 4406.229 Thread 0x00000195f9c2e170 10932       1       java.util.StringTokenizer::countTokens (46 bytes)
Event: 4406.230 Thread 0x00000195f9c2e170 nmethod 10932 0x00000195f2c92910 code [0x00000195f2c92ac0, 0x00000195f2c92c18]
Event: 4449.058 Thread 0x00000195f9c2e170 10933       1       java.io.BufferedInputStream::close (44 bytes)
Event: 4449.186 Thread 0x00000195f9c2e170 nmethod 10933 0x00000195f2c92490 code [0x00000195f2c92640, 0x00000195f2c92868]
Event: 4469.685 Thread 0x00000195f9c2e170 10934   !   1       java.lang.ProcessBuilder::start (417 bytes)
Event: 4469.692 Thread 0x00000195f9c2e170 nmethod 10934 0x00000195f2c90710 code [0x00000195f2c90aa0, 0x00000195f2c91aa8]
Event: 4564.470 Thread 0x00000195f9c2e170 10935       1       java.lang.Runtime::getRuntime (4 bytes)
Event: 4564.471 Thread 0x00000195f9c2e170 nmethod 10935 0x00000195f2c90410 code [0x00000195f2c905a0, 0x00000195f2c90658]
Event: 4595.993 Thread 0x00000195f9c2e170 10936       1       java.util.Properties::getProperty (16 bytes)
Event: 4595.994 Thread 0x00000195f9c2e170 nmethod 10936 0x00000195f2c90110 code [0x00000195f2c902a0, 0x00000195f2c903a8]

GC Heap History (20 events):
Event: 4554.382 GC heap before
{Heap before GC invocations=155 (full 115):
 garbage-first heap   total 133120K, used 38863K [0x00000000c0000000, 0x0000000100000000)
  region size 1024K, 1 young (1024K), 0 survivors (0K)
 Metaspace       used 71195K, committed 72256K, reserved 1114112K
  class space    used 9740K, committed 10176K, reserved 1048576K
}
Event: 4554.458 GC heap after
{Heap after GC invocations=156 (full 116):
 garbage-first heap   total 133120K, used 38863K [0x00000000c0000000, 0x0000000100000000)
  region size 1024K, 0 young (0K), 0 survivors (0K)
 Metaspace       used 71195K, committed 72256K, reserved 1114112K
  class space    used 9740K, committed 10176K, reserved 1048576K
}
Event: 4564.888 GC heap before
{Heap before GC invocations=156 (full 116):
 garbage-first heap   total 133120K, used 38863K [0x00000000c0000000, 0x0000000100000000)
  region size 1024K, 1 young (1024K), 0 survivors (0K)
 Metaspace       used 71195K, committed 72256K, reserved 1114112K
  class space    used 9740K, committed 10176K, reserved 1048576K
}
Event: 4564.959 GC heap after
{Heap after GC invocations=157 (full 117):
 garbage-first heap   total 133120K, used 38863K [0x00000000c0000000, 0x0000000100000000)
  region size 1024K, 0 young (0K), 0 survivors (0K)
 Metaspace       used 71195K, committed 72256K, reserved 1114112K
  class space    used 9740K, committed 10176K, reserved 1048576K
}
Event: 4575.404 GC heap before
{Heap before GC invocations=157 (full 117):
 garbage-first heap   total 133120K, used 38863K [0x00000000c0000000, 0x0000000100000000)
  region size 1024K, 1 young (1024K), 0 survivors (0K)
 Metaspace       used 71195K, committed 72256K, reserved 1114112K
  class space    used 9740K, committed 10176K, reserved 1048576K
}
Event: 4575.549 GC heap after
{Heap after GC invocations=158 (full 118):
 garbage-first heap   total 133120K, used 38863K [0x00000000c0000000, 0x0000000100000000)
  region size 1024K, 0 young (0K), 0 survivors (0K)
 Metaspace       used 71195K, committed 72256K, reserved 1114112K
  class space    used 9740K, committed 10176K, reserved 1048576K
}
Event: 4585.917 GC heap before
{Heap before GC invocations=158 (full 118):
 garbage-first heap   total 133120K, used 38863K [0x00000000c0000000, 0x0000000100000000)
  region size 1024K, 1 young (1024K), 0 survivors (0K)
 Metaspace       used 71195K, committed 72256K, reserved 1114112K
  class space    used 9740K, committed 10176K, reserved 1048576K
}
Event: 4585.982 GC heap after
{Heap after GC invocations=159 (full 119):
 garbage-first heap   total 133120K, used 38863K [0x00000000c0000000, 0x0000000100000000)
  region size 1024K, 0 young (0K), 0 survivors (0K)
 Metaspace       used 71195K, committed 72256K, reserved 1114112K
  class space    used 9740K, committed 10176K, reserved 1048576K
}
Event: 4596.347 GC heap before
{Heap before GC invocations=159 (full 119):
 garbage-first heap   total 133120K, used 38863K [0x00000000c0000000, 0x0000000100000000)
  region size 1024K, 1 young (1024K), 0 survivors (0K)
 Metaspace       used 71195K, committed 72256K, reserved 1114112K
  class space    used 9740K, committed 10176K, reserved 1048576K
}
Event: 4596.419 GC heap after
{Heap after GC invocations=160 (full 120):
 garbage-first heap   total 133120K, used 38863K [0x00000000c0000000, 0x0000000100000000)
  region size 1024K, 0 young (0K), 0 survivors (0K)
 Metaspace       used 71195K, committed 72256K, reserved 1114112K
  class space    used 9740K, committed 10176K, reserved 1048576K
}
Event: 4606.656 GC heap before
{Heap before GC invocations=160 (full 120):
 garbage-first heap   total 133120K, used 38863K [0x00000000c0000000, 0x0000000100000000)
  region size 1024K, 1 young (1024K), 0 survivors (0K)
 Metaspace       used 71195K, committed 72256K, reserved 1114112K
  class space    used 9740K, committed 10176K, reserved 1048576K
}
Event: 4606.735 GC heap after
{Heap after GC invocations=161 (full 121):
 garbage-first heap   total 133120K, used 38863K [0x00000000c0000000, 0x0000000100000000)
  region size 1024K, 0 young (0K), 0 survivors (0K)
 Metaspace       used 71195K, committed 72256K, reserved 1114112K
  class space    used 9740K, committed 10176K, reserved 1048576K
}
Event: 4617.145 GC heap before
{Heap before GC invocations=161 (full 121):
 garbage-first heap   total 133120K, used 38863K [0x00000000c0000000, 0x0000000100000000)
  region size 1024K, 1 young (1024K), 0 survivors (0K)
 Metaspace       used 71195K, committed 72256K, reserved 1114112K
  class space    used 9740K, committed 10176K, reserved 1048576K
}
Event: 4617.217 GC heap after
{Heap after GC invocations=162 (full 122):
 garbage-first heap   total 133120K, used 38863K [0x00000000c0000000, 0x0000000100000000)
  region size 1024K, 0 young (0K), 0 survivors (0K)
 Metaspace       used 71195K, committed 72256K, reserved 1114112K
  class space    used 9740K, committed 10176K, reserved 1048576K
}
Event: 4627.557 GC heap before
{Heap before GC invocations=162 (full 122):
 garbage-first heap   total 133120K, used 38863K [0x00000000c0000000, 0x0000000100000000)
  region size 1024K, 1 young (1024K), 0 survivors (0K)
 Metaspace       used 71195K, committed 72256K, reserved 1114112K
  class space    used 9740K, committed 10176K, reserved 1048576K
}
Event: 4627.635 GC heap after
{Heap after GC invocations=163 (full 123):
 garbage-first heap   total 133120K, used 38863K [0x00000000c0000000, 0x0000000100000000)
  region size 1024K, 0 young (0K), 0 survivors (0K)
 Metaspace       used 71195K, committed 72256K, reserved 1114112K
  class space    used 9740K, committed 10176K, reserved 1048576K
}
Event: 4637.918 GC heap before
{Heap before GC invocations=163 (full 123):
 garbage-first heap   total 133120K, used 38863K [0x00000000c0000000, 0x0000000100000000)
  region size 1024K, 1 young (1024K), 0 survivors (0K)
 Metaspace       used 71195K, committed 72256K, reserved 1114112K
  class space    used 9740K, committed 10176K, reserved 1048576K
}
Event: 4638.009 GC heap after
{Heap after GC invocations=164 (full 124):
 garbage-first heap   total 133120K, used 38863K [0x00000000c0000000, 0x0000000100000000)
  region size 1024K, 0 young (0K), 0 survivors (0K)
 Metaspace       used 71195K, committed 72256K, reserved 1114112K
  class space    used 9740K, committed 10176K, reserved 1048576K
}
Event: 4648.385 GC heap before
{Heap before GC invocations=164 (full 124):
 garbage-first heap   total 133120K, used 38863K [0x00000000c0000000, 0x0000000100000000)
  region size 1024K, 1 young (1024K), 0 survivors (0K)
 Metaspace       used 71195K, committed 72256K, reserved 1114112K
  class space    used 9740K, committed 10176K, reserved 1048576K
}
Event: 4648.457 GC heap after
{Heap after GC invocations=165 (full 125):
 garbage-first heap   total 133120K, used 38863K [0x00000000c0000000, 0x0000000100000000)
  region size 1024K, 0 young (0K), 0 survivors (0K)
 Metaspace       used 71195K, committed 72256K, reserved 1114112K
  class space    used 9740K, committed 10176K, reserved 1048576K
}

Dll operation events (12 events):
Event: 0.016 Loaded shared library c:\Users\User\.vscode\extensions\redhat.java-1.16.0\jre\17.0.6-win32-x86_64\bin\java.dll
Event: 2.865 Loaded shared library C:\Users\User\.vscode\extensions\redhat.java-1.16.0\jre\17.0.6-win32-x86_64\bin\net.dll
Event: 2.868 Loaded shared library C:\Users\User\.vscode\extensions\redhat.java-1.16.0\jre\17.0.6-win32-x86_64\bin\nio.dll
Event: 3.696 Loaded shared library C:\Users\User\.vscode\extensions\redhat.java-1.16.0\jre\17.0.6-win32-x86_64\bin\zip.dll
Event: 13.677 Loaded shared library C:\Users\User\.vscode\extensions\redhat.java-1.16.0\jre\17.0.6-win32-x86_64\bin\jimage.dll
Event: 21.919 Loaded shared library C:\Users\User\.vscode\extensions\redhat.java-1.16.0\jre\17.0.6-win32-x86_64\bin\management.dll
Event: 21.922 Loaded shared library C:\Users\User\.vscode\extensions\redhat.java-1.16.0\jre\17.0.6-win32-x86_64\bin\management_ext.dll
Event: 26.876 Loaded shared library C:\Users\User\.vscode\extensions\redhat.java-1.16.0\jre\17.0.6-win32-x86_64\bin\sunmscapi.dll
Event: 35.415 Loaded shared library c:\Users\User\.vscode\extensions\redhat.java-1.16.0\jre\17.0.6-win32-x86_64\bin\verify.dll
Event: 40.487 Loaded shared library C:\Users\User\AppData\Local\Temp\snappy-1.1.8-1c323c44-264c-4366-83ac-872fc65fc804-snappyjava.dll
Event: 116.063 Loaded shared library C:\Users\User\.vscode\extensions\redhat.java-1.16.0\jre\17.0.6-win32-x86_64\bin\attach.dll
Event: 116.851 Loaded shared library C:\Users\User\.vscode\extensions\redhat.java-1.16.0\jre\17.0.6-win32-x86_64\bin\rmi.dll

Deoptimization events (20 events):
Event: 39.667 Thread 0x00000195fb550160 DEOPT PACKING pc=0x00000195f2ab6a8c sp=0x0000001f71efc790
Event: 39.667 Thread 0x00000195fb550160 DEOPT UNPACKING pc=0x00000195f1a67143 sp=0x0000001f71efbcd8 mode 0
Event: 39.782 Thread 0x00000195fb550160 DEOPT PACKING pc=0x00000195f2ab6aec sp=0x0000001f71efcac0
Event: 39.782 Thread 0x00000195fb550160 DEOPT UNPACKING pc=0x00000195f1a67143 sp=0x0000001f71efc010 mode 0
Event: 39.782 Thread 0x00000195fb550160 DEOPT PACKING pc=0x00000195f2ab6aec sp=0x0000001f71efcd30
Event: 39.782 Thread 0x00000195fb550160 DEOPT UNPACKING pc=0x00000195f1a67143 sp=0x0000001f71efc280 mode 0
Event: 39.782 Thread 0x00000195fb550160 DEOPT PACKING pc=0x00000195f2ab6aec sp=0x0000001f71efcf90
Event: 39.782 Thread 0x00000195fb550160 DEOPT UNPACKING pc=0x00000195f1a67143 sp=0x0000001f71efc4c0 mode 0
Event: 39.919 Thread 0x00000195fb550160 DEOPT PACKING pc=0x00000195f2ab6aec sp=0x0000001f71efd4c0
Event: 39.919 Thread 0x00000195fb550160 DEOPT UNPACKING pc=0x00000195f1a67143 sp=0x0000001f71efc9f0 mode 0
Event: 39.919 Thread 0x00000195fb550160 DEOPT PACKING pc=0x00000195f2ab6aec sp=0x0000001f71efd7c0
Event: 39.919 Thread 0x00000195fb550160 DEOPT UNPACKING pc=0x00000195f1a67143 sp=0x0000001f71efccf0 mode 0
Event: 39.919 Thread 0x00000195fb550160 DEOPT PACKING pc=0x00000195f2ab6aec sp=0x0000001f71efda90
Event: 39.919 Thread 0x00000195fb550160 DEOPT UNPACKING pc=0x00000195f1a67143 sp=0x0000001f71efcfc0 mode 0
Event: 39.919 Thread 0x00000195fb550160 DEOPT PACKING pc=0x00000195f2ab6aec sp=0x0000001f71efdd90
Event: 39.919 Thread 0x00000195fb550160 DEOPT UNPACKING pc=0x00000195f1a67143 sp=0x0000001f71efd2c0 mode 0
Event: 39.919 Thread 0x00000195fb550160 DEOPT PACKING pc=0x00000195f2ab6aec sp=0x0000001f71efe070
Event: 39.919 Thread 0x00000195fb550160 DEOPT UNPACKING pc=0x00000195f1a67143 sp=0x0000001f71efd5a0 mode 0
Event: 338.943 Thread 0x00000195faff0020 DEOPT PACKING pc=0x00000195f1fbaf54 sp=0x0000001f715fefc0
Event: 338.943 Thread 0x00000195faff0020 DEOPT UNPACKING pc=0x00000195f1a67143 sp=0x0000001f715fe448 mode 0

Classes unloaded (20 events):
Event: 263.087 Thread 0x00000195f9323cb0 Unloading class 0x0000000100090c00 'java/lang/invoke/LambdaForm$MH+0x0000000100090c00'
Event: 263.087 Thread 0x00000195f9323cb0 Unloading class 0x0000000100090800 'java/lang/invoke/LambdaForm$MH+0x0000000100090800'
Event: 263.087 Thread 0x00000195f9323cb0 Unloading class 0x0000000100090400 'java/lang/invoke/LambdaForm$MH+0x0000000100090400'
Event: 263.087 Thread 0x00000195f9323cb0 Unloading class 0x0000000100090000 'java/lang/invoke/LambdaForm$MH+0x0000000100090000'
Event: 263.087 Thread 0x00000195f9323cb0 Unloading class 0x000000010008b800 'java/lang/invoke/LambdaForm$MH+0x000000010008b800'
Event: 263.087 Thread 0x00000195f9323cb0 Unloading class 0x000000010008b400 'java/lang/invoke/LambdaForm$MH+0x000000010008b400'
Event: 263.087 Thread 0x00000195f9323cb0 Unloading class 0x000000010008b000 'java/lang/invoke/LambdaForm$MH+0x000000010008b000'
Event: 263.087 Thread 0x00000195f9323cb0 Unloading class 0x000000010008ac00 'java/lang/invoke/LambdaForm$MH+0x000000010008ac00'
Event: 263.087 Thread 0x00000195f9323cb0 Unloading class 0x000000010008a800 'java/lang/invoke/LambdaForm$MH+0x000000010008a800'
Event: 263.087 Thread 0x00000195f9323cb0 Unloading class 0x000000010008a400 'java/lang/invoke/LambdaForm$MH+0x000000010008a400'
Event: 263.087 Thread 0x00000195f9323cb0 Unloading class 0x0000000100089c00 'java/lang/invoke/LambdaForm$MH+0x0000000100089c00'
Event: 263.087 Thread 0x00000195f9323cb0 Unloading class 0x0000000100089400 'java/lang/invoke/LambdaForm$MH+0x0000000100089400'
Event: 263.087 Thread 0x00000195f9323cb0 Unloading class 0x0000000100088c00 'java/lang/invoke/LambdaForm$MH+0x0000000100088c00'
Event: 263.087 Thread 0x00000195f9323cb0 Unloading class 0x0000000100088400 'java/lang/invoke/LambdaForm$MH+0x0000000100088400'
Event: 467.269 Thread 0x00000195f9323cb0 Unloading class 0x000000010099c400 'jdk/internal/reflect/GeneratedSerializationConstructorAccessor7'
Event: 467.269 Thread 0x00000195f9323cb0 Unloading class 0x000000010099bc00 'jdk/internal/reflect/GeneratedSerializationConstructorAccessor5'
Event: 467.269 Thread 0x00000195f9323cb0 Unloading class 0x000000010099b800 'jdk/internal/reflect/GeneratedSerializationConstructorAccessor4'
Event: 599.607 Thread 0x00000195f9323cb0 Unloading class 0x000000010099d800 'jdk/internal/reflect/GeneratedSerializationConstructorAccessor35'
Event: 599.607 Thread 0x00000195f9323cb0 Unloading class 0x000000010099ec00 'jdk/internal/reflect/GeneratedSerializationConstructorAccessor34'
Event: 599.607 Thread 0x00000195f9323cb0 Unloading class 0x00000001009b1800 'jdk/internal/reflect/GeneratedSerializationConstructorAccessor33'

Classes redefined (0 events):
No events

Internal exceptions (20 events):
Event: 629.388 Thread 0x00000195fb8cbb60 Exception <a 'java/net/ConnectException'{0x00000000c811cec0}: Connection refused: connect> (0x00000000c811cec0) 
thrown [s\src\hotspot\share\prims\jni.cpp, line 535]
Event: 629.388 Thread 0x00000195fb8cbb60 Exception <a 'java/net/SocketException'{0x00000000c811d1f8}: Socket is not connected: shutdown> (0x00000000c811d1f8) 
thrown [s\src\hotspot\share\prims\jni.cpp, line 535]
Event: 666.162 Thread 0x00000195fb8c9010 Exception <a 'java/net/ConnectException'{0x00000000c810ede0}: Connection refused: connect> (0x00000000c810ede0) 
thrown [s\src\hotspot\share\prims\jni.cpp, line 535]
Event: 666.162 Thread 0x00000195fb8c9010 Exception <a 'java/net/SocketException'{0x00000000c810f118}: Socket is not connected: shutdown> (0x00000000c810f118) 
thrown [s\src\hotspot\share\prims\jni.cpp, line 535]
Event: 3659.952 Thread 0x00000195fb8c9010 Exception <a 'java/net/ConnectException'{0x00000000c810ec78}: Connection refused: connect> (0x00000000c810ec78) 
thrown [s\src\hotspot\share\prims\jni.cpp, line 535]
Event: 3659.952 Thread 0x00000195fb8c9010 Exception <a 'java/net/SocketException'{0x00000000c810efb0}: Socket is not connected: shutdown> (0x00000000c810efb0) 
thrown [s\src\hotspot\share\prims\jni.cpp, line 535]
Event: 3659.952 Thread 0x00000195fb8c9010 Exception <a 'java/net/ConnectException'{0x00000000c810fb80}: Connection refused: connect> (0x00000000c810fb80) 
thrown [s\src\hotspot\share\prims\jni.cpp, line 535]
Event: 3659.952 Thread 0x00000195fb8c9010 Exception <a 'java/net/SocketException'{0x00000000c810feb8}: Socket is not connected: shutdown> (0x00000000c810feb8) 
thrown [s\src\hotspot\share\prims\jni.cpp, line 535]
Event: 3659.954 Thread 0x00000195fb8c9010 Exception <a 'java/net/ConnectException'{0x00000000c8110a60}: Connection refused: connect> (0x00000000c8110a60) 
thrown [s\src\hotspot\share\prims\jni.cpp, line 535]
Event: 3659.954 Thread 0x00000195fb8c9010 Exception <a 'java/net/SocketException'{0x00000000c8110d98}: Socket is not connected: shutdown> (0x00000000c8110d98) 
thrown [s\src\hotspot\share\prims\jni.cpp, line 535]
Event: 3659.955 Thread 0x00000195fb8c9010 Exception <a 'java/net/ConnectException'{0x00000000c8111958}: Connection refused: connect> (0x00000000c8111958) 
thrown [s\src\hotspot\share\prims\jni.cpp, line 535]
Event: 3659.955 Thread 0x00000195fb8c9010 Exception <a 'java/net/SocketException'{0x00000000c8111c90}: Socket is not connected: shutdown> (0x00000000c8111c90) 
thrown [s\src\hotspot\share\prims\jni.cpp, line 535]
Event: 3660.956 Thread 0x00000195fb8c9010 Exception <a 'java/net/ConnectException'{0x00000000c8112838}: Connection refused: connect> (0x00000000c8112838) 
thrown [s\src\hotspot\share\prims\jni.cpp, line 535]
Event: 3660.956 Thread 0x00000195fb8c9010 Exception <a 'java/net/SocketException'{0x00000000c8112b70}: Socket is not connected: shutdown> (0x00000000c8112b70) 
thrown [s\src\hotspot\share\prims\jni.cpp, line 535]
Event: 3660.957 Thread 0x00000195fb8c9010 Exception <a 'java/net/ConnectException'{0x00000000c8113730}: Connection refused: connect> (0x00000000c8113730) 
thrown [s\src\hotspot\share\prims\jni.cpp, line 535]
Event: 3660.957 Thread 0x00000195fb8c9010 Exception <a 'java/net/SocketException'{0x00000000c8113a68}: Socket is not connected: shutdown> (0x00000000c8113a68) 
thrown [s\src\hotspot\share\prims\jni.cpp, line 535]
Event: 3662.957 Thread 0x00000195fb8c9010 Exception <a 'java/net/ConnectException'{0x00000000c8114610}: Connection refused: connect> (0x00000000c8114610) 
thrown [s\src\hotspot\share\prims\jni.cpp, line 535]
Event: 3662.957 Thread 0x00000195fb8c9010 Exception <a 'java/net/SocketException'{0x00000000c8114948}: Socket is not connected: shutdown> (0x00000000c8114948) 
thrown [s\src\hotspot\share\prims\jni.cpp, line 535]
Event: 3662.957 Thread 0x00000195fb8c9010 Exception <a 'java/net/ConnectException'{0x00000000c8115508}: Connection refused: connect> (0x00000000c8115508) 
thrown [s\src\hotspot\share\prims\jni.cpp, line 535]
Event: 3662.957 Thread 0x00000195fb8c9010 Exception <a 'java/net/SocketException'{0x00000000c8115840}: Socket is not connected: shutdown> (0x00000000c8115840) 
thrown [s\src\hotspot\share\prims\jni.cpp, line 535]

VM Operations (20 events):
Event: 4554.459 Executing VM operation: G1CollectFull done
Event: 4564.888 Executing VM operation: G1CollectFull
Event: 4564.959 Executing VM operation: G1CollectFull done
Event: 4575.403 Executing VM operation: G1CollectFull
Event: 4575.549 Executing VM operation: G1CollectFull done
Event: 4585.917 Executing VM operation: G1CollectFull
Event: 4585.982 Executing VM operation: G1CollectFull done
Event: 4596.347 Executing VM operation: G1CollectFull
Event: 4596.419 Executing VM operation: G1CollectFull done
Event: 4606.656 Executing VM operation: G1CollectFull
Event: 4606.736 Executing VM operation: G1CollectFull done
Event: 4617.145 Executing VM operation: G1CollectFull
Event: 4617.218 Executing VM operation: G1CollectFull done
Event: 4627.556 Executing VM operation: G1CollectFull
Event: 4627.635 Executing VM operation: G1CollectFull done
Event: 4637.918 Executing VM operation: G1CollectFull
Event: 4638.010 Executing VM operation: G1CollectFull done
Event: 4648.385 Executing VM operation: G1CollectFull
Event: 4648.457 Executing VM operation: G1CollectFull done
Event: 4658.542 Executing VM operation: G1CollectFull

Events (20 events):
Event: 416.930 loading class java/rmi/UnmarshalException
Event: 416.931 loading class java/rmi/UnmarshalException done
Event: 419.947 Thread 0x00000195fb54d140 Thread exited: 0x00000195fb54d140
Event: 471.947 Thread 0x00000195fb550630 Thread exited: 0x00000195fb550630
Event: 478.442 Thread 0x00000195fb8c94e0 Thread exited: 0x00000195fb8c94e0
Event: 492.713 Thread 0x00000195fb8ca820 Thread added: 0x00000195fb8ca820
Event: 492.714 Thread 0x00000195fb8cc030 Thread added: 0x00000195fb8cc030
Event: 492.772 Thread 0x00000195fb8cc500 Thread added: 0x00000195fb8cc500
Event: 550.916 Thread 0x00000195fb8ccea0 Thread added: 0x00000195fb8ccea0
Event: 550.919 Thread 0x00000195fb8cd370 Thread added: 0x00000195fb8cd370
Event: 559.182 Thread 0x00000195fb8cc500 Thread exited: 0x00000195fb8cc500
Event: 607.242 Thread 0x00000195fb8ca820 Thread exited: 0x00000195fb8ca820
Event: 610.920 Thread 0x00000195fb8ccea0 Thread exited: 0x00000195fb8ccea0
Event: 610.928 Thread 0x00000195fb8cd370 Thread exited: 0x00000195fb8cd370
Event: 612.179 Thread 0x00000195fb8cc030 Thread exited: 0x00000195fb8cc030
Event: 622.042 Thread 0x00000195fb8c9e80 Thread added: 0x00000195fb8c9e80
Event: 629.389 Thread 0x00000195fb8cbb60 Thread exited: 0x00000195fb8cbb60
Event: 671.958 Thread 0x00000195fb54af90 Thread exited: 0x00000195fb54af90
Event: 683.122 Thread 0x00000195fb8c9e80 Thread exited: 0x00000195fb8c9e80
Event: 3662.957 Thread 0x00000195fb8c9010 Thread exited: 0x00000195fb8c9010


Dynamic libraries:
0x00007ff6d5340000 - 0x00007ff6d534e000 	c:\Users\User\.vscode\extensions\redhat.java-1.16.0\jre\17.0.6-win32-x86_64\bin\java.exe
0x00007ffd59d90000 - 0x00007ffd59f85000 	C:\WINDOWS\SYSTEM32\ntdll.dll
0x00007ffd59590000 - 0x00007ffd5964e000 	C:\WINDOWS\System32\KERNEL32.DLL
0x00007ffd57730000 - 0x00007ffd579f8000 	C:\WINDOWS\System32\KERNELBASE.dll
0x00007ffd57be0000 - 0x00007ffd57ce0000 	C:\WINDOWS\System32\ucrtbase.dll
0x00007ffd46fa0000 - 0x00007ffd46fb7000 	c:\Users\User\.vscode\extensions\redhat.java-1.16.0\jre\17.0.6-win32-x86_64\bin\jli.dll
0x00007ffd58b70000 - 0x00007ffd58d10000 	C:\WINDOWS\System32\USER32.dll
0x00007ffd575f0000 - 0x00007ffd57612000 	C:\WINDOWS\System32\win32u.dll
0x00007ffd59650000 - 0x00007ffd5967a000 	C:\WINDOWS\System32\GDI32.dll
0x00007ffd57ce0000 - 0x00007ffd57deb000 	C:\WINDOWS\System32\gdi32full.dll
0x00007ffd57690000 - 0x00007ffd5772d000 	C:\WINDOWS\System32\msvcp_win.dll
0x00007ffd46d30000 - 0x00007ffd46d49000 	c:\Users\User\.vscode\extensions\redhat.java-1.16.0\jre\17.0.6-win32-x86_64\bin\VCRUNTIME140.dll
0x00007ffd3e550000 - 0x00007ffd3e7ea000 	C:\WINDOWS\WinSxS\amd64_microsoft.windows.common-controls_6595b64144ccf1df_6.0.19041.1110_none_60b5254171f9507e\COMCTL32.dll
0x00007ffd594d0000 - 0x00007ffd5956e000 	C:\WINDOWS\System32\msvcrt.dll
0x00007ffd58e10000 - 0x00007ffd58e40000 	C:\WINDOWS\System32\IMM32.DLL
0x00007ffd4ff10000 - 0x00007ffd4ff1c000 	c:\Users\User\.vscode\extensions\redhat.java-1.16.0\jre\17.0.6-win32-x86_64\bin\vcruntime140_1.dll
0x00007ffd1dec0000 - 0x00007ffd1df51000 	c:\Users\User\.vscode\extensions\redhat.java-1.16.0\jre\17.0.6-win32-x86_64\bin\msvcp140.dll
0x00007ffcff5c0000 - 0x00007ffd00207000 	c:\Users\User\.vscode\extensions\redhat.java-1.16.0\jre\17.0.6-win32-x86_64\bin\server\jvm.dll
0x00007ffd58ac0000 - 0x00007ffd58b6e000 	C:\WINDOWS\System32\ADVAPI32.dll
0x00007ffd59750000 - 0x00007ffd597ec000 	C:\WINDOWS\System32\sechost.dll
0x00007ffd59910000 - 0x00007ffd59a35000 	C:\WINDOWS\System32\RPCRT4.dll
0x00007ffd46d50000 - 0x00007ffd46d59000 	C:\WINDOWS\SYSTEM32\WSOCK32.dll
0x00007ffd59460000 - 0x00007ffd594cb000 	C:\WINDOWS\System32\WS2_32.dll
0x00007ffd47ab0000 - 0x00007ffd47ad7000 	C:\WINDOWS\SYSTEM32\WINMM.dll
0x00007ffd4d860000 - 0x00007ffd4d86a000 	C:\WINDOWS\SYSTEM32\VERSION.dll
0x00007ffd55d90000 - 0x00007ffd55da2000 	C:\WINDOWS\SYSTEM32\kernel.appcore.dll
0x00007ffd4d710000 - 0x00007ffd4d71a000 	c:\Users\User\.vscode\extensions\redhat.java-1.16.0\jre\17.0.6-win32-x86_64\bin\jimage.dll
0x00007ffd559a0000 - 0x00007ffd55b84000 	C:\WINDOWS\SYSTEM32\DBGHELP.DLL
0x00007ffd49810000 - 0x00007ffd4983c000 	C:\WINDOWS\SYSTEM32\dbgcore.DLL
0x00007ffd574b0000 - 0x00007ffd57532000 	C:\WINDOWS\System32\bcryptPrimitives.dll
0x00007ffd457f0000 - 0x00007ffd45815000 	c:\Users\User\.vscode\extensions\redhat.java-1.16.0\jre\17.0.6-win32-x86_64\bin\java.dll
0x00007ffd3e0e0000 - 0x00007ffd3e0f8000 	c:\Users\User\.vscode\extensions\redhat.java-1.16.0\jre\17.0.6-win32-x86_64\bin\zip.dll
0x00007ffd57df0000 - 0x00007ffd58534000 	C:\WINDOWS\System32\SHELL32.dll
0x00007ffd55140000 - 0x00007ffd558d4000 	C:\WINDOWS\SYSTEM32\windows.storage.dll
0x00007ffd58650000 - 0x00007ffd589a4000 	C:\WINDOWS\System32\combase.dll
0x00007ffd56eb0000 - 0x00007ffd56edc000 	C:\WINDOWS\SYSTEM32\Wldp.dll
0x00007ffd585a0000 - 0x00007ffd5864d000 	C:\WINDOWS\System32\SHCORE.dll
0x00007ffd597f0000 - 0x00007ffd59845000 	C:\WINDOWS\System32\shlwapi.dll
0x00007ffd573f0000 - 0x00007ffd5740f000 	C:\WINDOWS\SYSTEM32\profapi.dll
0x00007ffd3e0c0000 - 0x00007ffd3e0d9000 	C:\Users\User\.vscode\extensions\redhat.java-1.16.0\jre\17.0.6-win32-x86_64\bin\net.dll
0x00007ffd48290000 - 0x00007ffd4839a000 	C:\WINDOWS\SYSTEM32\WINHTTP.dll
0x00007ffd56bb0000 - 0x00007ffd56c1a000 	C:\WINDOWS\system32\mswsock.dll
0x00007ffd3dc00000 - 0x00007ffd3dc15000 	C:\Users\User\.vscode\extensions\redhat.java-1.16.0\jre\17.0.6-win32-x86_64\bin\nio.dll
0x00007ffd56e00000 - 0x00007ffd56e18000 	C:\WINDOWS\SYSTEM32\CRYPTSP.dll
0x00007ffd56530000 - 0x00007ffd56564000 	C:\WINDOWS\system32\rsaenh.dll
0x00007ffd57bb0000 - 0x00007ffd57bd7000 	C:\WINDOWS\System32\bcrypt.dll
0x00007ffd573b0000 - 0x00007ffd573de000 	C:\WINDOWS\SYSTEM32\USERENV.dll
0x00007ffd56e20000 - 0x00007ffd56e2c000 	C:\WINDOWS\SYSTEM32\CRYPTBASE.dll
0x00007ffd568a0000 - 0x00007ffd568db000 	C:\WINDOWS\SYSTEM32\IPHLPAPI.DLL
0x00007ffd59d40000 - 0x00007ffd59d48000 	C:\WINDOWS\System32\NSI.dll
0x00007ffd4d900000 - 0x00007ffd4d917000 	C:\WINDOWS\SYSTEM32\dhcpcsvc6.DLL
0x00007ffd4d870000 - 0x00007ffd4d88d000 	C:\WINDOWS\SYSTEM32\dhcpcsvc.DLL
0x00007ffd568e0000 - 0x00007ffd569ab000 	C:\WINDOWS\SYSTEM32\DNSAPI.dll
0x00007ffd52790000 - 0x00007ffd52799000 	C:\Users\User\.vscode\extensions\redhat.java-1.16.0\jre\17.0.6-win32-x86_64\bin\management.dll
0x00007ffd496c0000 - 0x00007ffd496cb000 	C:\Users\User\.vscode\extensions\redhat.java-1.16.0\jre\17.0.6-win32-x86_64\bin\management_ext.dll
0x00007ffd58d10000 - 0x00007ffd58d18000 	C:\WINDOWS\System32\PSAPI.DLL
0x00007ffd55c20000 - 0x00007ffd55c2e000 	C:\Users\User\.vscode\extensions\redhat.java-1.16.0\jre\17.0.6-win32-x86_64\bin\sunmscapi.dll
0x00007ffd57a50000 - 0x00007ffd57ba6000 	C:\WINDOWS\System32\CRYPT32.dll
0x00007ffd56f20000 - 0x00007ffd56f47000 	C:\WINDOWS\SYSTEM32\ncrypt.dll
0x00007ffd56ee0000 - 0x00007ffd56f1b000 	C:\WINDOWS\SYSTEM32\NTASN1.dll
0x00007ffd47960000 - 0x00007ffd4796a000 	C:\Windows\System32\rasadhlp.dll
0x00007ffd47790000 - 0x00007ffd4780f000 	C:\WINDOWS\System32\fwpuclnt.dll
0x00007ffd496a0000 - 0x00007ffd496b0000 	c:\Users\User\.vscode\extensions\redhat.java-1.16.0\jre\17.0.6-win32-x86_64\bin\verify.dll
0x000000006c500000 - 0x000000006c5c7000 	C:\Users\User\AppData\Local\Temp\snappy-1.1.8-1c323c44-264c-4366-83ac-872fc65fc804-snappyjava.dll
0x00007ffd46d00000 - 0x00007ffd46d09000 	C:\Users\User\.vscode\extensions\redhat.java-1.16.0\jre\17.0.6-win32-x86_64\bin\attach.dll
0x00007ffd2a140000 - 0x00007ffd2a157000 	C:\WINDOWS\system32\napinsp.dll
0x00007ffd29a60000 - 0x00007ffd29a7b000 	C:\WINDOWS\system32\pnrpnsp.dll
0x00007ffd38160000 - 0x00007ffd38175000 	C:\WINDOWS\system32\wshbth.dll
0x00007ffd4fd90000 - 0x00007ffd4fdad000 	C:\WINDOWS\system32\NLAapi.dll
0x00007ffd29a20000 - 0x00007ffd29a32000 	C:\WINDOWS\System32\winrnr.dll
0x00007ffd45f60000 - 0x00007ffd45f67000 	C:\Users\User\.vscode\extensions\redhat.java-1.16.0\jre\17.0.6-win32-x86_64\bin\rmi.dll

dbghelp: loaded successfully - version: 4.0.5 - missing functions: none
symbol engine: initialized successfully - sym options: 0x614 - pdb path: .;c:\Users\User\.vscode\extensions\redhat.java-1.16.0\jre\17.0.6-win32-x86_64\bin;C:\WINDOWS\SYSTEM32;C:\WINDOWS\WinSxS\amd64_microsoft.windows.common-controls_6595b64144ccf1df_6.0.19041.1110_none_60b5254171f9507e;c:\Users\User\.vscode\extensions\redhat.java-1.16.0\jre\17.0.6-win32-x86_64\bin\server;C:\Users\User\AppData\Local\Temp

VM Arguments:
jvm_args: -XX:+HeapDumpOnOutOfMemoryError -Xmx1024m -Dsts.lsp.client=vscode -Dsts.log.file=/dev/null -XX:TieredStopAtLevel=1 -Xlog:jni+resolve=off -Dspring.config.location=file:c:\Users\User\.vscode\extensions\vmware.vscode-spring-boot-1.45.0\language-server\BOOT-INF\classes\application.properties 
java_command: org.springframework.ide.vscode.boot.app.BootLanguageServerBootApp
java_class_path (initial): c:\Users\User\.vscode\extensions\vmware.vscode-spring-boot-1.45.0\language-server\BOOT-INF\classes;c:\Users\User\.vscode\extensions\vmware.vscode-spring-boot-1.45.0\language-server\BOOT-INF\lib\annotations-24.0.1.jar;c:\Users\User\.vscode\extensions\vmware.vscode-spring-boot-1.45.0\language-server\BOOT-INF\lib\ant-1.10.13.jar;c:\Users\User\.vscode\extensions\vmware.vscode-spring-boot-1.45.0\language-server\BOOT-INF\lib\ant-launcher-1.10.13.jar;c:\Users\User\.vscode\extensions\vmware.vscode-spring-boot-1.45.0\language-server\BOOT-INF\lib\antlr-runtime-3.5.3.jar;c:\Users\User\.vscode\extensions\vmware.vscode-spring-boot-1.45.0\language-server\BOOT-INF\lib\antlr4-4.11.1.jar;c:\Users\User\.vscode\extensions\vmware.vscode-spring-boot-1.45.0\language-server\BOOT-INF\lib\antlr4-runtime-4.11.1.jar;c:\Users\User\.vscode\extensions\vmware.vscode-spring-boot-1.45.0\language-server\BOOT-INF\lib\asm-9.4.jar;c:\Users\User\.vscode\extensions\vmware.vscode-spring-boot-1.45.0\language-server\BOOT-INF\lib\asm-analysis-9.4.jar;c:\Users\User\.vscode\extensions\vmware.vscode-spring-boot-1.45.0\language-server\BOOT-INF\lib\asm-tree-9.4.jar;c:\Users\User\.vscode\extensions\vmware.vscode-spring-boot-1.45.0\language-server\BOOT-INF\lib\asm-util-9.4.jar;c:\Users\User\.vscode\extensions\vmware.vscode-spring-boot-1.45.0\language-server\BOOT-INF\lib\caffeine-3.1.2.jar;c:\Users\User\.vscode\extensions\vmware.vscode-spring-boot-1.45.0\language-server\BOOT-INF\lib\checker-qual-3.12.0.jar;c:\Users\User\.vscode\extensions\vmware.vscode-spring-boot-1.45.0\language-server\BOOT-INF\lib\classgraph-4.8.149.jar;c:\Users\User\.vscode\extensions\vmware.vscode-spring-boot-1.45.0\language-server\BOOT-INF\lib\commons-codec-1.15.jar;c:\Users\User\.vscode\extensions\vmware.vscode-spring-boot-1.45.0\language-server\BOOT-INF\lib\commons-compress-1.22.jar;c:\Users\User\.vscode\extensions\vmware.vscode-spring-boot-1.45.0\language-server\BOOT-INF\lib\commons-io-2.4.jar;c:\Users\User\.vsco
Launcher Type: SUN_STANDARD

[Global flags]
     intx CICompilerCount                          = 3                                         {product} {ergonomic}
     uint ConcGCThreads                            = 1                                         {product} {ergonomic}
     uint G1ConcRefinementThreads                  = 4                                         {product} {ergonomic}
   size_t G1HeapRegionSize                         = 1048576                                   {product} {ergonomic}
    uintx GCDrainStackTargetSize                   = 64                                        {product} {ergonomic}
     bool HeapDumpOnOutOfMemoryError               = true                                   {manageable} {command line}
   size_t InitialHeapSize                          = 268435456                                 {product} {ergonomic}
   size_t MarkStackSize                            = 4194304                                   {product} {ergonomic}
   size_t MaxHeapSize                              = 1073741824                                {product} {command line}
   size_t MaxNewSize                               = 643825664                                 {product} {ergonomic}
   size_t MinHeapDeltaBytes                        = 1048576                                   {product} {ergonomic}
   size_t MinHeapSize                              = 8388608                                   {product} {ergonomic}
    uintx NonProfiledCodeHeapSize                  = 0                                      {pd product} {ergonomic}
     bool ProfileInterpreter                       = false                                  {pd product} {command line}
    uintx ProfiledCodeHeapSize                     = 0                                      {pd product} {ergonomic}
   size_t SoftMaxHeapSize                          = 1073741824                             {manageable} {ergonomic}
     intx TieredStopAtLevel                        = 1                                         {product} {command line}
     bool UseCompressedClassPointers               = true                           {product lp64_product} {ergonomic}
     bool UseCompressedOops                        = true                           {product lp64_product} {ergonomic}
     bool UseG1GC                                  = true                                      {product} {ergonomic}
     bool UseLargePagesIndividualAllocation        = false                                  {pd product} {ergonomic}

Logging:
Log output configuration:
 #0: stdout all=warning,jni+resolve=off uptime,level,tags
 #1: stderr all=off uptime,level,tags

Environment Variables:
PATH=C:\Program Files (x86)\Common Files\Intel\Shared Libraries\redist\intel64_win\compiler;C:\Program Files\Common Files\Oracle\Java\javapath;C:\Program Files\Microsoft MPI\Bin\;C:\WINDOWS\system32;C:\WINDOWS;C:\WINDOWS\System32\Wbem;C:\WINDOWS\System32\WindowsPowerShell\v1.0\;C:\Program Files\dotnet\;C:\Program Files\Microsoft SQL Server\Client SDK\ODBC\170\Tools\Binn\;C:\Program Files\Azure Data Studio\bin;C:\ProgramData\chocolatey\bin;C:\WINDOWS\System32\OpenSSH\;C:\Program Files (x86)\dotnet\;C:\Program Files (x86)\nodejs\;C:\Program Files\Git\cmd;C:\Program Files\MySQL\MySQL Shell 8.0\bin\;C:\Users\User\AppData\Local\Programs\Python\Python310\Scripts\;C:\Users\User\AppData\Local\Programs\Python\Python310\;C:\Program Files\Microsoft MPI\Bin\;C:\WINDOWS\system32;C:\WINDOWS;C:\WINDOWS\System32\Wbem;C:\WINDOWS\System32\WindowsPowerShell\v1.0\;C:\Program Files\Microsoft SQL Server\130\Tools\Binn\;C:\Program Files\dotnet\;C:\Program Files\Microsoft SQL Server\Client SDK\ODBC\170\Tools\Binn\;C:\Program Files (x86)\Microsoft SQL Server\150\Tools\Binn\;C:\Program Files\Microsoft SQL Server\150\Tools\Binn\;C:\Program Files (x86)\Microsoft SQL Server\150\DTS\Binn\;C:\Program Files\Microsoft SQL Server\150\DTS\Binn\;C:\Program Files\Azure Data Studio\bin;C:\ProgramData\chocolatey\bin;;C:\WINDOWS\System32\OpenSSH\;C:\Users\User\AppData\Local\Microsoft\WindowsApps;C:\Users\User\.dotnet\tools;C:\Program Files\Azure Data Studio\bin;C:\Users\User\AppData\Roaming\cabal\bin;C:\tools\msys64;C:\tools\ghc-9.0.1\bin;;D:\Users\User\AppData\Local\Programs\Microsoft VS Code\bin;C:\Python37\Scripts;C:\Users\User\AppData\Roaming\npm
USERNAME=User
OS=Windows_NT
PROCESSOR_IDENTIFIER=Intel64 Family 6 Model 142 Stepping 9, GenuineIntel
TMP=C:\Users\User\AppData\Local\Temp
TEMP=C:\Users\User\AppData\Local\Temp



---------------  S Y S T E M  ---------------

OS:
 Windows 10 , 64 bit Build 19041 (10.0.19041.1645)
OS uptime: 28 days 22:36 hours

CPU: total 4 (initial active 4) (2 cores per cpu, 2 threads per core) family 6 model 142 stepping 9 microcode 0xb4, cx8, cmov, fxsr, ht, mmx, 3dnowpref, sse, sse2, sse3, ssse3, sse4.1, sse4.2, popcnt, lzcnt, tsc, tscinvbit, avx, avx2, aes, erms, clmul, bmi1, bmi2, adx, fma, vzeroupper, clflush, clflushopt

Memory: 4k page, system-wide physical 16265M (5320M free)
TotalPageFile size 25206M (AvailPageFile size 10M)
current process WorkingSet (physical memory assigned to process): 327M, peak: 788M
current process commit charge ("private bytes"): 316M, peak: 787M

vm_info: OpenJDK 64-Bit Server VM (17.0.6+10) for windows-amd64 JRE (17.0.6+10), built on Jan 18 2023 10:08:59 by "temurin" with MS VC++ 16.7 (VS2019)

END.
